This file contains any messages produced by compilers while
running configure, to aid debugging if configure makes a mistake.

It was created by interacciontt configure 0.1, which was
generated by GNU Autoconf 2.64.  Invocation command line was

  $ /home/amalbala/Dropbox/InteraccionTT/configure --enable-maintainer-mode CFLAGS=-O2 CXXFLAGS=-O2 JFLAGS=-O2 FFLAGS=-O2

## --------- ##
## Platform. ##
## --------- ##

hostname = amalbala-CuadcoreA3-103
uname -m = i686
uname -r = 2.6.31-20-generic
uname -s = Linux
uname -v = #58-Ubuntu SMP Fri Mar 12 05:23:09 UTC 2010

/usr/bin/uname -p = unknown
/bin/uname -X     = unknown

/bin/arch              = unknown
/usr/bin/arch -k       = unknown
/usr/convex/getsysinfo = unknown
/usr/bin/hostinfo      = unknown
/bin/machine           = unknown
/usr/bin/oslevel       = unknown
/bin/universe          = unknown

PATH: /usr/local/sbin
PATH: /usr/local/bin
PATH: /usr/sbin
PATH: /usr/bin
PATH: /sbin
PATH: /bin
PATH: /usr/games


## ----------- ##
## Core tests. ##
## ----------- ##

configure:2515: checking for a BSD-compatible install
configure:2583: result: /usr/bin/install -c
configure:2594: checking whether build environment is sane
configure:2644: result: yes
configure:2785: checking for a thread-safe mkdir -p
configure:2824: result: /bin/mkdir -p
configure:2837: checking for gawk
configure:2867: result: no
configure:2837: checking for mawk
configure:2853: found /usr/bin/mawk
configure:2864: result: mawk
configure:2875: checking whether make sets $(MAKE)
configure:2897: result: yes
configure:2980: checking whether to enable maintainer-specific portions of Makefiles
configure:2989: result: yes
configure:3015: checking for style of include used by make
configure:3043: result: GNU
configure:3113: checking for gcc
configure:3129: found /usr/bin/gcc
configure:3140: result: gcc
configure:3369: checking for C compiler version
configure:3378: gcc --version >&5
gcc (Ubuntu 4.4.1-4ubuntu9) 4.4.1
Copyright (C) 2009 Free Software Foundation, Inc.
This is free software; see the source for copying conditions.  There is NO
warranty; not even for MERCHANTABILITY or FITNESS FOR A PARTICULAR PURPOSE.

configure:3389: $? = 0
configure:3378: gcc -v >&5
Using built-in specs.
Target: i486-linux-gnu
Configured with: ../src/configure -v --with-pkgversion='Ubuntu 4.4.1-4ubuntu9' --with-bugurl=file:///usr/share/doc/gcc-4.4/README.Bugs --enable-languages=c,c++,fortran,objc,obj-c++ --prefix=/usr --enable-shared --enable-multiarch --enable-linker-build-id --with-system-zlib --libexecdir=/usr/lib --without-included-gettext --enable-threads=posix --with-gxx-include-dir=/usr/include/c++/4.4 --program-suffix=-4.4 --enable-nls --enable-clocale=gnu --enable-libstdcxx-debug --enable-objc-gc --enable-targets=all --disable-werror --with-arch-32=i486 --with-tune=generic --enable-checking=release --build=i486-linux-gnu --host=i486-linux-gnu --target=i486-linux-gnu
Thread model: posix
gcc version 4.4.1 (Ubuntu 4.4.1-4ubuntu9) 
configure:3389: $? = 0
configure:3378: gcc -V >&5
gcc: '-V' option must have argument
configure:3389: $? = 1
configure:3378: gcc -qversion >&5
gcc: unrecognized option '-qversion'
gcc: no input files
configure:3389: $? = 1
configure:3411: checking for C compiler default output file name
configure:3433: gcc -O2   conftest.c  >&5
configure:3437: $? = 0
configure:3474: result: a.out
configure:3490: checking whether the C compiler works
configure:3499: ./a.out
configure:3503: $? = 0
configure:3518: result: yes
configure:3525: checking whether we are cross compiling
configure:3527: result: no
configure:3530: checking for suffix of executables
configure:3537: gcc -o conftest -O2   conftest.c  >&5
configure:3541: $? = 0
configure:3563: result: 
configure:3569: checking for suffix of object files
configure:3591: gcc -c -O2  conftest.c >&5
configure:3595: $? = 0
configure:3616: result: o
configure:3620: checking whether we are using the GNU C compiler
configure:3639: gcc -c -O2  conftest.c >&5
configure:3639: $? = 0
configure:3648: result: yes
configure:3657: checking whether gcc accepts -g
configure:3677: gcc -c -g  conftest.c >&5
configure:3677: $? = 0
configure:3718: result: yes
configure:3735: checking for gcc option to accept ISO C89
configure:3799: gcc  -c -O2  conftest.c >&5
configure:3799: $? = 0
configure:3812: result: none needed
configure:3834: checking dependency style of gcc
configure:3944: result: gcc3
configure:3960: checking for library containing strerror
configure:3991: gcc -o conftest -O2   conftest.c  >&5
configure:3991: $? = 0
configure:4008: result: none required
configure:4074: checking for g++
configure:4090: found /usr/bin/g++
configure:4101: result: g++
configure:4128: checking for C++ compiler version
configure:4137: g++ --version >&5
g++ (Ubuntu 4.4.1-4ubuntu9) 4.4.1
Copyright (C) 2009 Free Software Foundation, Inc.
This is free software; see the source for copying conditions.  There is NO
warranty; not even for MERCHANTABILITY or FITNESS FOR A PARTICULAR PURPOSE.

configure:4148: $? = 0
configure:4137: g++ -v >&5
Using built-in specs.
Target: i486-linux-gnu
Configured with: ../src/configure -v --with-pkgversion='Ubuntu 4.4.1-4ubuntu9' --with-bugurl=file:///usr/share/doc/gcc-4.4/README.Bugs --enable-languages=c,c++,fortran,objc,obj-c++ --prefix=/usr --enable-shared --enable-multiarch --enable-linker-build-id --with-system-zlib --libexecdir=/usr/lib --without-included-gettext --enable-threads=posix --with-gxx-include-dir=/usr/include/c++/4.4 --program-suffix=-4.4 --enable-nls --enable-clocale=gnu --enable-libstdcxx-debug --enable-objc-gc --enable-targets=all --disable-werror --with-arch-32=i486 --with-tune=generic --enable-checking=release --build=i486-linux-gnu --host=i486-linux-gnu --target=i486-linux-gnu
Thread model: posix
gcc version 4.4.1 (Ubuntu 4.4.1-4ubuntu9) 
configure:4148: $? = 0
configure:4137: g++ -V >&5
g++: '-V' option must have argument
configure:4148: $? = 1
configure:4137: g++ -qversion >&5
g++: unrecognized option '-qversion'
g++: no input files
configure:4148: $? = 1
configure:4152: checking whether we are using the GNU C++ compiler
configure:4171: g++ -c -O2  conftest.cpp >&5
configure:4171: $? = 0
configure:4180: result: yes
configure:4189: checking whether g++ accepts -g
configure:4209: g++ -c -g  conftest.cpp >&5
configure:4209: $? = 0
configure:4250: result: yes
configure:4275: checking dependency style of g++
configure:4385: result: gcc3
configure:4448: checking for gcc
configure:4475: result: gcc
configure:4704: checking for C compiler version
configure:4713: gcc --version >&5
gcc (Ubuntu 4.4.1-4ubuntu9) 4.4.1
Copyright (C) 2009 Free Software Foundation, Inc.
This is free software; see the source for copying conditions.  There is NO
warranty; not even for MERCHANTABILITY or FITNESS FOR A PARTICULAR PURPOSE.

configure:4724: $? = 0
configure:4713: gcc -v >&5
Using built-in specs.
Target: i486-linux-gnu
Configured with: ../src/configure -v --with-pkgversion='Ubuntu 4.4.1-4ubuntu9' --with-bugurl=file:///usr/share/doc/gcc-4.4/README.Bugs --enable-languages=c,c++,fortran,objc,obj-c++ --prefix=/usr --enable-shared --enable-multiarch --enable-linker-build-id --with-system-zlib --libexecdir=/usr/lib --without-included-gettext --enable-threads=posix --with-gxx-include-dir=/usr/include/c++/4.4 --program-suffix=-4.4 --enable-nls --enable-clocale=gnu --enable-libstdcxx-debug --enable-objc-gc --enable-targets=all --disable-werror --with-arch-32=i486 --with-tune=generic --enable-checking=release --build=i486-linux-gnu --host=i486-linux-gnu --target=i486-linux-gnu
Thread model: posix
gcc version 4.4.1 (Ubuntu 4.4.1-4ubuntu9) 
configure:4724: $? = 0
configure:4713: gcc -V >&5
gcc: '-V' option must have argument
configure:4724: $? = 1
configure:4713: gcc -qversion >&5
gcc: unrecognized option '-qversion'
gcc: no input files
configure:4724: $? = 1
configure:4728: checking whether we are using the GNU C compiler
configure:4756: result: yes
configure:4765: checking whether gcc accepts -g
configure:4826: result: yes
configure:4843: checking for gcc option to accept ISO C89
configure:4920: result: none needed
configure:4942: checking dependency style of gcc
configure:5052: result: gcc3
configure:5075: checking how to run the C preprocessor
configure:5106: gcc -E  conftest.c
configure:5106: $? = 0
configure:5120: gcc -E  conftest.c
conftest.c:11:28: error: ac_nonexistent.h: No such file or directory
configure:5120: $? = 1
configure: failed program was:
| /* confdefs.h */
| #define PACKAGE_NAME "interacciontt"
| #define PACKAGE_TARNAME "interacciontt"
| #define PACKAGE_VERSION "0.1"
| #define PACKAGE_STRING "interacciontt 0.1"
| #define PACKAGE_BUGREPORT ""
| #define PACKAGE_URL ""
| #define PACKAGE "interacciontt"
| #define VERSION "0.1"
| /* end confdefs.h.  */
| #include <ac_nonexistent.h>
configure:5145: result: gcc -E
configure:5165: gcc -E  conftest.c
configure:5165: $? = 0
configure:5179: gcc -E  conftest.c
conftest.c:11:28: error: ac_nonexistent.h: No such file or directory
configure:5179: $? = 1
configure: failed program was:
| /* confdefs.h */
| #define PACKAGE_NAME "interacciontt"
| #define PACKAGE_TARNAME "interacciontt"
| #define PACKAGE_VERSION "0.1"
| #define PACKAGE_STRING "interacciontt 0.1"
| #define PACKAGE_BUGREPORT ""
| #define PACKAGE_URL ""
| #define PACKAGE "interacciontt"
| #define VERSION "0.1"
| /* end confdefs.h.  */
| #include <ac_nonexistent.h>
configure:5208: checking for grep that handles long lines and -e
configure:5266: result: /bin/grep
configure:5271: checking for egrep
configure:5333: result: /bin/grep -E
configure:5338: checking for ANSI C header files
configure:5358: gcc -c -O2  conftest.c >&5
configure:5358: $? = 0
configure:5431: gcc -o conftest -O2   conftest.c  >&5
configure:5431: $? = 0
configure:5431: ./conftest
configure:5431: $? = 0
configure:5442: result: yes
configure:5466: checking for sys/types.h
configure:5466: gcc -c -O2  conftest.c >&5
configure:5466: $? = 0
configure:5466: result: yes
configure:5466: checking for sys/stat.h
configure:5466: gcc -c -O2  conftest.c >&5
configure:5466: $? = 0
configure:5466: result: yes
configure:5466: checking for stdlib.h
configure:5466: gcc -c -O2  conftest.c >&5
configure:5466: $? = 0
configure:5466: result: yes
configure:5466: checking for string.h
configure:5466: gcc -c -O2  conftest.c >&5
configure:5466: $? = 0
configure:5466: result: yes
configure:5466: checking for memory.h
configure:5466: gcc -c -O2  conftest.c >&5
configure:5466: $? = 0
configure:5466: result: yes
configure:5466: checking for strings.h
configure:5466: gcc -c -O2  conftest.c >&5
configure:5466: $? = 0
configure:5466: result: yes
configure:5466: checking for inttypes.h
configure:5466: gcc -c -O2  conftest.c >&5
configure:5466: $? = 0
configure:5466: result: yes
configure:5466: checking for stdint.h
configure:5466: gcc -c -O2  conftest.c >&5
configure:5466: $? = 0
configure:5466: result: yes
configure:5466: checking for unistd.h
configure:5466: gcc -c -O2  conftest.c >&5
configure:5466: $? = 0
configure:5466: result: yes
configure:5482: checking locale.h usability
configure:5482: gcc -c -O2  conftest.c >&5
configure:5482: $? = 0
configure:5482: result: yes
configure:5482: checking locale.h presence
configure:5482: gcc -E  conftest.c
configure:5482: $? = 0
configure:5482: result: yes
configure:5482: checking for locale.h
configure:5482: result: yes
configure:5493: checking for LC_MESSAGES
configure:5509: gcc -o conftest -O2   conftest.c  >&5
configure:5509: $? = 0
configure:5517: result: yes
configure:5534: checking libintl.h usability
configure:5534: gcc -c -O2  conftest.c >&5
configure:5534: $? = 0
configure:5534: result: yes
configure:5534: checking libintl.h presence
configure:5534: gcc -E  conftest.c
configure:5534: $? = 0
configure:5534: result: yes
configure:5534: checking for libintl.h
configure:5534: result: yes
configure:5542: checking for ngettext in libc
configure:5560: gcc -o conftest -O2   conftest.c  >&5
configure:5560: $? = 0
configure:5569: result: yes
configure:5573: checking for dgettext in libc
configure:5591: gcc -o conftest -O2   conftest.c  >&5
configure:5591: $? = 0
configure:5600: result: yes
configure:5607: checking for bind_textdomain_codeset
configure:5607: gcc -o conftest -O2   conftest.c  >&5
configure:5607: $? = 0
configure:5607: result: yes
configure:5883: checking for msgfmt
configure:5910: result: /usr/bin/msgfmt
configure:5921: checking for dcgettext
configure:5921: gcc -o conftest -O2   conftest.c   >&5
conftest.c:49: warning: conflicting types for built-in function 'dcgettext'
configure:5921: $? = 0
configure:5921: result: yes
configure:5931: checking if msgfmt accepts -c
configure:5946: $MSGFMT -c -o /dev/null conftest.foo
configure:5949: $? = 0
configure:5951: result: yes
configure:5961: checking for gmsgfmt
configure:5992: result: /usr/bin/msgfmt
configure:6002: checking for xgettext
configure:6029: result: /usr/bin/xgettext
configure:6048: gcc -o conftest -O2   conftest.c   >&5
configure:6048: $? = 0
configure:6184: checking whether NLS is requested
configure:6193: result: yes
configure:6208: checking for intltool >= 0.35.0
configure:6215: result: 0.41.0 found
configure:6223: checking for intltool-update
configure:6241: found /usr/bin/intltool-update
configure:6253: result: /usr/bin/intltool-update
configure:6263: checking for intltool-merge
configure:6281: found /usr/bin/intltool-merge
configure:6293: result: /usr/bin/intltool-merge
configure:6303: checking for intltool-extract
configure:6321: found /usr/bin/intltool-extract
configure:6333: result: /usr/bin/intltool-extract
configure:6464: checking for xgettext
configure:6494: result: /usr/bin/xgettext
configure:6504: checking for msgmerge
configure:6522: found /usr/bin/msgmerge
configure:6534: result: /usr/bin/msgmerge
configure:6544: checking for msgfmt
configure:6574: result: /usr/bin/msgfmt
configure:6584: checking for gmsgfmt
configure:6615: result: /usr/bin/msgfmt
configure:6635: checking for perl
configure:6653: found /usr/bin/perl
configure:6665: result: /usr/bin/perl
configure:6676: checking for perl >= 5.8.1
configure:6683: result: 5.10.0
configure:6687: checking for XML::Parser
configure:6690: result: ok
configure:6773: checking build system type
configure:6787: result: i686-pc-linux-gnu
configure:6807: checking host system type
configure:6820: result: i686-pc-linux-gnu
configure:6840: checking for a sed that does not truncate output
configure:6904: result: /bin/sed
configure:6922: checking for fgrep
configure:6984: result: /bin/grep -F
configure:7019: checking for ld used by gcc
configure:7086: result: /usr/bin/ld
configure:7093: checking if the linker (/usr/bin/ld) is GNU ld
configure:7108: result: yes
configure:7120: checking for BSD- or MS-compatible name lister (nm)
configure:7169: result: /usr/bin/nm -B
configure:7287: checking the name lister (/usr/bin/nm -B) interface
configure:7294: gcc -c -O2  conftest.c >&5
configure:7297: /usr/bin/nm -B "conftest.o"
configure:7300: output
00000000 B some_variable
configure:7307: result: BSD nm
configure:7310: checking whether ln -s works
configure:7314: result: yes
configure:7322: checking the maximum length of command line arguments
configure:7442: result: 1572864
configure:7459: checking whether the shell understands some XSI constructs
configure:7469: result: yes
configure:7473: checking whether the shell understands "+="
configure:7479: result: yes
configure:7514: checking for /usr/bin/ld option to reload object files
configure:7521: result: -r
configure:7590: checking for objdump
configure:7606: found /usr/bin/objdump
configure:7617: result: objdump
configure:7649: checking how to recognize dependent libraries
configure:7845: result: pass_all
configure:7905: checking for ar
configure:7921: found /usr/bin/ar
configure:7932: result: ar
configure:8010: checking for strip
configure:8026: found /usr/bin/strip
configure:8037: result: strip
configure:8109: checking for ranlib
configure:8125: found /usr/bin/ranlib
configure:8136: result: ranlib
configure:8226: checking command to parse /usr/bin/nm -B output from gcc object
configure:8344: gcc -c -O2  conftest.c >&5
configure:8347: $? = 0
configure:8351: /usr/bin/nm -B conftest.o \| sed -n -e 's/^.*[	 ]\([ABCDGIRSTW][ABCDGIRSTW]*\)[	 ][	 ]*\([_A-Za-z][_A-Za-z0-9]*\)$/\1 \2 \2/p' \> conftest.nm
configure:8354: $? = 0
configure:8408: gcc -o conftest -O2   conftest.c conftstm.o >&5
configure:8411: $? = 0
configure:8449: result: ok
configure:9254: checking for dlfcn.h
configure:9254: gcc -c -O2  conftest.c >&5
configure:9254: $? = 0
configure:9254: result: yes
configure:9379: checking for C++ compiler version
configure:9388: g++ --version >&5
g++ (Ubuntu 4.4.1-4ubuntu9) 4.4.1
Copyright (C) 2009 Free Software Foundation, Inc.
This is free software; see the source for copying conditions.  There is NO
warranty; not even for MERCHANTABILITY or FITNESS FOR A PARTICULAR PURPOSE.

configure:9399: $? = 0
configure:9388: g++ -v >&5
Using built-in specs.
Target: i486-linux-gnu
Configured with: ../src/configure -v --with-pkgversion='Ubuntu 4.4.1-4ubuntu9' --with-bugurl=file:///usr/share/doc/gcc-4.4/README.Bugs --enable-languages=c,c++,fortran,objc,obj-c++ --prefix=/usr --enable-shared --enable-multiarch --enable-linker-build-id --with-system-zlib --libexecdir=/usr/lib --without-included-gettext --enable-threads=posix --with-gxx-include-dir=/usr/include/c++/4.4 --program-suffix=-4.4 --enable-nls --enable-clocale=gnu --enable-libstdcxx-debug --enable-objc-gc --enable-targets=all --disable-werror --with-arch-32=i486 --with-tune=generic --enable-checking=release --build=i486-linux-gnu --host=i486-linux-gnu --target=i486-linux-gnu
Thread model: posix
gcc version 4.4.1 (Ubuntu 4.4.1-4ubuntu9) 
configure:9399: $? = 0
configure:9388: g++ -V >&5
g++: '-V' option must have argument
configure:9399: $? = 1
configure:9388: g++ -qversion >&5
g++: unrecognized option '-qversion'
g++: no input files
configure:9399: $? = 1
configure:9403: checking whether we are using the GNU C++ compiler
configure:9431: result: yes
configure:9440: checking whether g++ accepts -g
configure:9501: result: yes
configure:9526: checking dependency style of g++
configure:9636: result: gcc3
configure:9659: checking how to run the C++ preprocessor
configure:9686: g++ -E  conftest.cpp
configure:9686: $? = 0
configure:9700: g++ -E  conftest.cpp
conftest.cpp:29:28: error: ac_nonexistent.h: No such file or directory
configure:9700: $? = 1
configure: failed program was:
| /* confdefs.h */
| #define PACKAGE_NAME "interacciontt"
| #define PACKAGE_TARNAME "interacciontt"
| #define PACKAGE_VERSION "0.1"
| #define PACKAGE_STRING "interacciontt 0.1"
| #define PACKAGE_BUGREPORT ""
| #define PACKAGE_URL ""
| #define PACKAGE "interacciontt"
| #define VERSION "0.1"
| #define STDC_HEADERS 1
| #define GETTEXT_PACKAGE "interacciontt"
| #define HAVE_SYS_TYPES_H 1
| #define HAVE_SYS_STAT_H 1
| #define HAVE_STDLIB_H 1
| #define HAVE_STRING_H 1
| #define HAVE_MEMORY_H 1
| #define HAVE_STRINGS_H 1
| #define HAVE_INTTYPES_H 1
| #define HAVE_STDINT_H 1
| #define HAVE_UNISTD_H 1
| #define HAVE_LOCALE_H 1
| #define HAVE_LC_MESSAGES 1
| #define HAVE_BIND_TEXTDOMAIN_CODESET 1
| #define HAVE_GETTEXT 1
| #define HAVE_DCGETTEXT 1
| #define ENABLE_NLS 1
| #define HAVE_DLFCN_H 1
| /* end confdefs.h.  */
| #include <ac_nonexistent.h>
configure:9725: result: g++ -E
configure:9745: g++ -E  conftest.cpp
configure:9745: $? = 0
configure:9759: g++ -E  conftest.cpp
conftest.cpp:29:28: error: ac_nonexistent.h: No such file or directory
configure:9759: $? = 1
configure: failed program was:
| /* confdefs.h */
| #define PACKAGE_NAME "interacciontt"
| #define PACKAGE_TARNAME "interacciontt"
| #define PACKAGE_VERSION "0.1"
| #define PACKAGE_STRING "interacciontt 0.1"
| #define PACKAGE_BUGREPORT ""
| #define PACKAGE_URL ""
| #define PACKAGE "interacciontt"
| #define VERSION "0.1"
| #define STDC_HEADERS 1
| #define GETTEXT_PACKAGE "interacciontt"
| #define HAVE_SYS_TYPES_H 1
| #define HAVE_SYS_STAT_H 1
| #define HAVE_STDLIB_H 1
| #define HAVE_STRING_H 1
| #define HAVE_MEMORY_H 1
| #define HAVE_STRINGS_H 1
| #define HAVE_INTTYPES_H 1
| #define HAVE_STDINT_H 1
| #define HAVE_UNISTD_H 1
| #define HAVE_LOCALE_H 1
| #define HAVE_LC_MESSAGES 1
| #define HAVE_BIND_TEXTDOMAIN_CODESET 1
| #define HAVE_GETTEXT 1
| #define HAVE_DCGETTEXT 1
| #define ENABLE_NLS 1
| #define HAVE_DLFCN_H 1
| /* end confdefs.h.  */
| #include <ac_nonexistent.h>
configure:9965: checking for objdir
configure:9980: result: .libs
configure:10272: checking if gcc supports -fno-rtti -fno-exceptions
configure:10290: gcc -c -O2  -fno-rtti -fno-exceptions conftest.c >&5
cc1: warning: command line option "-fno-rtti" is valid for C++/ObjC++ but not for C
configure:10294: $? = 0
configure:10307: result: no
configure:10327: checking for gcc option to produce PIC
configure:10599: result: -fPIC -DPIC
configure:10611: checking if gcc PIC flag -fPIC -DPIC works
configure:10629: gcc -c -O2  -fPIC -DPIC -DPIC conftest.c >&5
configure:10633: $? = 0
configure:10646: result: yes
configure:10670: checking if gcc static flag -static works
configure:10698: result: yes
configure:10713: checking if gcc supports -c -o file.o
configure:10734: gcc -c -O2  -o out/conftest2.o conftest.c >&5
configure:10738: $? = 0
configure:10760: result: yes
configure:10768: checking if gcc supports -c -o file.o
configure:10815: result: yes
configure:10848: checking whether the gcc linker (/usr/bin/ld) supports shared libraries
configure:11838: result: yes
configure:11875: checking whether -lc should be explicitly linked in
configure:11880: gcc -c -O2  conftest.c >&5
configure:11883: $? = 0
configure:11898: gcc -shared conftest.o  -v -Wl,-soname -Wl,conftest -o conftest 2\>\&1 \| /bin/grep  -lc  \>/dev/null 2\>\&1
configure:11901: $? = 0
configure:11913: result: no
configure:12077: checking dynamic linker characteristics
configure:12510: gcc -o conftest -O2   -Wl,-rpath -Wl,/foo conftest.c  >&5
configure:12510: $? = 0
configure:12740: result: GNU/Linux ld.so
configure:12842: checking how to hardcode library paths into programs
configure:12867: result: immediate
configure:13387: checking whether stripping libraries is possible
configure:13392: result: yes
configure:13427: checking if libtool supports shared libraries
configure:13429: result: yes
configure:13432: checking whether to build shared libraries
configure:13453: result: yes
configure:13456: checking whether to build static libraries
configure:13460: result: yes
configure:13610: checking for ld used by g++
configure:13677: result: /usr/bin/ld
configure:13684: checking if the linker (/usr/bin/ld) is GNU ld
configure:13699: result: yes
configure:13754: checking whether the g++ linker (/usr/bin/ld) supports shared libraries
configure:14667: result: yes
configure:14695: g++ -c -O2  conftest.cpp >&5
configure:14698: $? = 0
configure:14880: checking for g++ option to produce PIC
configure:15197: result: -fPIC -DPIC
configure:15206: checking if g++ PIC flag -fPIC -DPIC works
configure:15224: g++ -c -O2  -fPIC -DPIC -DPIC conftest.cpp >&5
configure:15228: $? = 0
configure:15241: result: yes
configure:15262: checking if g++ static flag -static works
configure:15290: result: yes
configure:15302: checking if g++ supports -c -o file.o
configure:15323: g++ -c -O2  -o out/conftest2.o conftest.cpp >&5
configure:15327: $? = 0
configure:15349: result: yes
configure:15354: checking if g++ supports -c -o file.o
configure:15401: result: yes
configure:15431: checking whether the g++ linker (/usr/bin/ld) supports shared libraries
configure:15460: result: yes
configure:15597: checking dynamic linker characteristics
configure:15978: g++ -o conftest -O2   -Wl,-rpath -Wl,/foo conftest.cpp  >&5
configure:15978: $? = 0
configure:16208: result: GNU/Linux ld.so
configure:16259: checking how to hardcode library paths into programs
configure:16284: result: immediate
configure:16488: creating ./config.status

## ---------------------- ##
## Running config.status. ##
## ---------------------- ##

This file was extended by interacciontt config.status 0.1, which was
generated by GNU Autoconf 2.64.  Invocation command line was

  CONFIG_FILES    = 
  CONFIG_HEADERS  = 
  CONFIG_LINKS    = 
  CONFIG_COMMANDS = 
  $ ./config.status 

on amalbala-CuadcoreA3-103

config.status:1194: creating Makefile
config.status:1194: creating src/Makefile
config.status:1194: creating po/Makefile.in
config.status:1194: creating config.h
config.status:1407: executing depfiles commands
config.status:1407: executing default-1 commands
config.status:1407: executing libtool commands
config.status:1407: executing po/stamp-it commands

## ---------------- ##
## Cache variables. ##
## ---------------- ##

ac_cv_build=i686-pc-linux-gnu
ac_cv_c_compiler_gnu=yes
ac_cv_cxx_compiler_gnu=yes
ac_cv_env_CCC_set=
ac_cv_env_CCC_value=
ac_cv_env_CC_set=
ac_cv_env_CC_value=
ac_cv_env_CFLAGS_set=set
ac_cv_env_CFLAGS_value=-O2
ac_cv_env_CPPFLAGS_set=
ac_cv_env_CPPFLAGS_value=
ac_cv_env_CPP_set=
ac_cv_env_CPP_value=
ac_cv_env_CXXCPP_set=
ac_cv_env_CXXCPP_value=
ac_cv_env_CXXFLAGS_set=set
ac_cv_env_CXXFLAGS_value=-O2
ac_cv_env_CXX_set=
ac_cv_env_CXX_value=
ac_cv_env_LDFLAGS_set=
ac_cv_env_LDFLAGS_value=
ac_cv_env_LIBS_set=
ac_cv_env_LIBS_value=
ac_cv_env_build_alias_set=
ac_cv_env_build_alias_value=
ac_cv_env_host_alias_set=
ac_cv_env_host_alias_value=
ac_cv_env_target_alias_set=
ac_cv_env_target_alias_value=
ac_cv_func_bind_textdomain_codeset=yes
ac_cv_func_dcgettext=yes
ac_cv_header_dlfcn_h=yes
ac_cv_header_inttypes_h=yes
ac_cv_header_libintl_h=yes
ac_cv_header_locale_h=yes
ac_cv_header_memory_h=yes
ac_cv_header_stdc=yes
ac_cv_header_stdint_h=yes
ac_cv_header_stdlib_h=yes
ac_cv_header_string_h=yes
ac_cv_header_strings_h=yes
ac_cv_header_sys_stat_h=yes
ac_cv_header_sys_types_h=yes
ac_cv_header_unistd_h=yes
ac_cv_host=i686-pc-linux-gnu
ac_cv_objext=o
ac_cv_path_EGREP='/bin/grep -E'
ac_cv_path_FGREP='/bin/grep -F'
ac_cv_path_GMSGFMT=/usr/bin/msgfmt
ac_cv_path_GREP=/bin/grep
ac_cv_path_INTLTOOL_EXTRACT=/usr/bin/intltool-extract
ac_cv_path_INTLTOOL_MERGE=/usr/bin/intltool-merge
ac_cv_path_INTLTOOL_PERL=/usr/bin/perl
ac_cv_path_INTLTOOL_UPDATE=/usr/bin/intltool-update
ac_cv_path_MSGFMT=/usr/bin/msgfmt
ac_cv_path_MSGMERGE=/usr/bin/msgmerge
ac_cv_path_SED=/bin/sed
ac_cv_path_XGETTEXT=/usr/bin/xgettext
ac_cv_path_install='/usr/bin/install -c'
ac_cv_path_mkdir=/bin/mkdir
ac_cv_prog_AWK=mawk
ac_cv_prog_CPP='gcc -E'
ac_cv_prog_CXXCPP='g++ -E'
ac_cv_prog_ac_ct_AR=ar
ac_cv_prog_ac_ct_CC=gcc
ac_cv_prog_ac_ct_CXX=g++
ac_cv_prog_ac_ct_OBJDUMP=objdump
ac_cv_prog_ac_ct_RANLIB=ranlib
ac_cv_prog_ac_ct_STRIP=strip
ac_cv_prog_cc_c89=
ac_cv_prog_cc_g=yes
ac_cv_prog_cxx_g=yes
ac_cv_prog_make_make_set=yes
ac_cv_search_strerror='none required'
am_cv_CC_dependencies_compiler_type=gcc3
am_cv_CXX_dependencies_compiler_type=gcc3
am_cv_prog_cc_stdc=
am_cv_val_LC_MESSAGES=yes
gt_cv_func_dgettext_libc=yes
gt_cv_func_dgettext_libintl=no
gt_cv_func_ngettext_libc=yes
gt_cv_have_gettext=yes
lt_cv_deplibs_check_method=pass_all
lt_cv_file_magic_cmd='$MAGIC_CMD'
lt_cv_file_magic_test_file=
lt_cv_ld_reload_flag=-r
lt_cv_nm_interface='BSD nm'
lt_cv_objdir=.libs
lt_cv_path_LD=/usr/bin/ld
lt_cv_path_LDCXX=/usr/bin/ld
lt_cv_path_NM='/usr/bin/nm -B'
lt_cv_prog_compiler_c_o=yes
lt_cv_prog_compiler_c_o_CXX=yes
lt_cv_prog_compiler_pic_works=yes
lt_cv_prog_compiler_pic_works_CXX=yes
lt_cv_prog_compiler_rtti_exceptions=no
lt_cv_prog_compiler_static_works=yes
lt_cv_prog_compiler_static_works_CXX=yes
lt_cv_prog_gnu_ld=yes
lt_cv_prog_gnu_ldcxx=yes
lt_cv_sys_global_symbol_pipe='sed -n -e '\''s/^.*[	 ]\([ABCDGIRSTW][ABCDGIRSTW]*\)[	 ][	 ]*\([_A-Za-z][_A-Za-z0-9]*\)$/\1 \2 \2/p'\'''
lt_cv_sys_global_symbol_to_c_name_address='sed -n -e '\''s/^: \([^ ]*\) $/  {\"\1\", (void *) 0},/p'\'' -e '\''s/^[ABCDGIRSTW]* \([^ ]*\) \([^ ]*\)$/  {"\2", (void *) \&\2},/p'\'''
lt_cv_sys_global_symbol_to_c_name_address_lib_prefix='sed -n -e '\''s/^: \([^ ]*\) $/  {\"\1\", (void *) 0},/p'\'' -e '\''s/^[ABCDGIRSTW]* \([^ ]*\) \(lib[^ ]*\)$/  {"\2", (void *) \&\2},/p'\'' -e '\''s/^[ABCDGIRSTW]* \([^ ]*\) \([^ ]*\)$/  {"lib\2", (void *) \&\2},/p'\'''
lt_cv_sys_global_symbol_to_cdecl='sed -n -e '\''s/^T .* \(.*\)$/extern int \1();/p'\'' -e '\''s/^[ABCDGIRSTW]* .* \(.*\)$/extern char \1;/p'\'''
lt_cv_sys_max_cmd_len=1572864

## ----------------- ##
## Output variables. ##
## ----------------- ##

ACLOCAL='${SHELL} /home/amalbala/Dropbox/InteraccionTT/missing --run aclocal-1.11'
ALL_LINGUAS=''
AMDEPBACKSLASH='\'
AMDEP_FALSE='#'
AMDEP_TRUE=''
AMTAR='${SHELL} /home/amalbala/Dropbox/InteraccionTT/missing --run tar'
AR='ar'
AUTOCONF='${SHELL} /home/amalbala/Dropbox/InteraccionTT/missing --run autoconf'
AUTOHEADER='${SHELL} /home/amalbala/Dropbox/InteraccionTT/missing --run autoheader'
AUTOMAKE='${SHELL} /home/amalbala/Dropbox/InteraccionTT/missing --run automake-1.11'
AWK='mawk'
CATALOGS=''
CATOBJEXT='.gmo'
CC='gcc'
CCDEPMODE='depmode=gcc3'
CFLAGS='-O2'
CPP='gcc -E'
CPPFLAGS=''
CXX='g++'
CXXCPP='g++ -E'
CXXDEPMODE='depmode=gcc3'
CXXFLAGS='-O2'
CYGPATH_W='echo'
DATADIRNAME='share'
DEFS='-DHAVE_CONFIG_H'
DEPDIR='.deps'
DSYMUTIL=''
DUMPBIN=''
ECHO_C=''
ECHO_N='-n'
ECHO_T=''
EGREP='/bin/grep -E'
EXEEXT=''
FGREP='/bin/grep -F'
GETTEXT_PACKAGE='interacciontt'
GMOFILES=''
GMSGFMT='/usr/bin/msgfmt'
GREP='/bin/grep'
INSTALL_DATA='${INSTALL} -m 644'
INSTALL_PROGRAM='${INSTALL}'
INSTALL_SCRIPT='${INSTALL}'
INSTALL_STRIP_PROGRAM='$(install_sh) -c -s'
INSTOBJEXT='.mo'
INTLLIBS=''
INTLTOOL_CAVES_RULE='%.caves:     %.caves.in     $(INTLTOOL_MERGE) $(wildcard $(top_srcdir)/po/*.po) ; LC_ALL=C $(INTLTOOL_MERGE) -d -u -c $(top_builddir)/po/.intltool-merge-cache $(top_srcdir)/po $< $@'
INTLTOOL_DESKTOP_RULE='%.desktop:   %.desktop.in   $(INTLTOOL_MERGE) $(wildcard $(top_srcdir)/po/*.po) ; LC_ALL=C $(INTLTOOL_MERGE) -d -u -c $(top_builddir)/po/.intltool-merge-cache $(top_srcdir)/po $< $@'
INTLTOOL_DIRECTORY_RULE='%.directory: %.directory.in $(INTLTOOL_MERGE) $(wildcard $(top_srcdir)/po/*.po) ; LC_ALL=C $(INTLTOOL_MERGE) -d -u -c $(top_builddir)/po/.intltool-merge-cache $(top_srcdir)/po $< $@'
INTLTOOL_EXTRACT='/usr/bin/intltool-extract'
INTLTOOL_KBD_RULE='%.kbd:       %.kbd.in       $(INTLTOOL_MERGE) $(wildcard $(top_srcdir)/po/*.po) ; LC_ALL=C $(INTLTOOL_MERGE) -x -u -m -c $(top_builddir)/po/.intltool-merge-cache $(top_srcdir)/po $< $@'
INTLTOOL_KEYS_RULE='%.keys:      %.keys.in      $(INTLTOOL_MERGE) $(wildcard $(top_srcdir)/po/*.po) ; LC_ALL=C $(INTLTOOL_MERGE) -k -u -c $(top_builddir)/po/.intltool-merge-cache $(top_srcdir)/po $< $@'
INTLTOOL_MERGE='/usr/bin/intltool-merge'
INTLTOOL_OAF_RULE='%.oaf:       %.oaf.in       $(INTLTOOL_MERGE) $(wildcard $(top_srcdir)/po/*.po) ; LC_ALL=C $(INTLTOOL_MERGE) -o -p $(top_srcdir)/po $< $@'
INTLTOOL_PERL='/usr/bin/perl'
INTLTOOL_POLICY_RULE='%.policy:    %.policy.in    $(INTLTOOL_MERGE) $(wildcard $(top_srcdir)/po/*.po) ; LC_ALL=C $(INTLTOOL_MERGE) -x -u -c $(top_builddir)/po/.intltool-merge-cache $(top_srcdir)/po $< $@'
INTLTOOL_PONG_RULE='%.pong:      %.pong.in      $(INTLTOOL_MERGE) $(wildcard $(top_srcdir)/po/*.po) ; LC_ALL=C $(INTLTOOL_MERGE) -x -u -c $(top_builddir)/po/.intltool-merge-cache $(top_srcdir)/po $< $@'
INTLTOOL_PROP_RULE='%.prop:      %.prop.in      $(INTLTOOL_MERGE) $(wildcard $(top_srcdir)/po/*.po) ; LC_ALL=C $(INTLTOOL_MERGE) -d -u -c $(top_builddir)/po/.intltool-merge-cache $(top_srcdir)/po $< $@'
INTLTOOL_SCHEMAS_RULE='%.schemas:   %.schemas.in   $(INTLTOOL_MERGE) $(wildcard $(top_srcdir)/po/*.po) ; LC_ALL=C $(INTLTOOL_MERGE) -s -u -c $(top_builddir)/po/.intltool-merge-cache $(top_srcdir)/po $< $@'
INTLTOOL_SERVER_RULE='%.server:    %.server.in    $(INTLTOOL_MERGE) $(wildcard $(top_srcdir)/po/*.po) ; LC_ALL=C $(INTLTOOL_MERGE) -o -u -c $(top_builddir)/po/.intltool-merge-cache $(top_srcdir)/po $< $@'
INTLTOOL_SERVICE_RULE='%.service: %.service.in   $(INTLTOOL_MERGE) $(wildcard $(top_srcdir)/po/*.po) ; LC_ALL=C $(INTLTOOL_MERGE) -d -u -c $(top_builddir)/po/.intltool-merge-cache $(top_srcdir)/po $< $@'
INTLTOOL_SHEET_RULE='%.sheet:     %.sheet.in     $(INTLTOOL_MERGE) $(wildcard $(top_srcdir)/po/*.po) ; LC_ALL=C $(INTLTOOL_MERGE) -x -u -c $(top_builddir)/po/.intltool-merge-cache $(top_srcdir)/po $< $@'
INTLTOOL_SOUNDLIST_RULE='%.soundlist: %.soundlist.in $(INTLTOOL_MERGE) $(wildcard $(top_srcdir)/po/*.po) ; LC_ALL=C $(INTLTOOL_MERGE) -d -u -c $(top_builddir)/po/.intltool-merge-cache $(top_srcdir)/po $< $@'
INTLTOOL_THEME_RULE='%.theme:     %.theme.in     $(INTLTOOL_MERGE) $(wildcard $(top_srcdir)/po/*.po) ; LC_ALL=C $(INTLTOOL_MERGE) -d -u -c $(top_builddir)/po/.intltool-merge-cache $(top_srcdir)/po $< $@'
INTLTOOL_UI_RULE='%.ui:        %.ui.in        $(INTLTOOL_MERGE) $(wildcard $(top_srcdir)/po/*.po) ; LC_ALL=C $(INTLTOOL_MERGE) -x -u -c $(top_builddir)/po/.intltool-merge-cache $(top_srcdir)/po $< $@'
INTLTOOL_UPDATE='/usr/bin/intltool-update'
INTLTOOL_XAM_RULE='%.xam:       %.xml.in       $(INTLTOOL_MERGE) $(wildcard $(top_srcdir)/po/*.po) ; LC_ALL=C $(INTLTOOL_MERGE) -x -u -c $(top_builddir)/po/.intltool-merge-cache $(top_srcdir)/po $< $@'
INTLTOOL_XML_NOMERGE_RULE='%.xml:       %.xml.in       $(INTLTOOL_MERGE) ; LC_ALL=C $(INTLTOOL_MERGE) -x -u /tmp $< $@'
INTLTOOL_XML_RULE='%.xml:       %.xml.in       $(INTLTOOL_MERGE) $(wildcard $(top_srcdir)/po/*.po) ; LC_ALL=C $(INTLTOOL_MERGE) -x -u -c $(top_builddir)/po/.intltool-merge-cache $(top_srcdir)/po $< $@'
LD='/usr/bin/ld'
LDFLAGS=''
LIBOBJS=''
LIBS=''
LIBTOOL='$(SHELL) $(top_builddir)/libtool'
LIPO=''
LN_S='ln -s'
LTLIBOBJS=''
MAINT=''
MAINTAINER_MODE_FALSE='#'
MAINTAINER_MODE_TRUE=''
MAKEINFO='${SHELL} /home/amalbala/Dropbox/InteraccionTT/missing --run makeinfo'
MKDIR_P='/bin/mkdir -p'
MKINSTALLDIRS='/home/amalbala/Dropbox/InteraccionTT/mkinstalldirs'
MSGFMT='/usr/bin/msgfmt'
MSGFMT_OPTS='-c'
MSGMERGE='/usr/bin/msgmerge'
NM='/usr/bin/nm -B'
NMEDIT=''
OBJDUMP='objdump'
OBJEXT='o'
OTOOL64=''
OTOOL=''
PACKAGE='interacciontt'
PACKAGE_BUGREPORT=''
PACKAGE_NAME='interacciontt'
PACKAGE_STRING='interacciontt 0.1'
PACKAGE_TARNAME='interacciontt'
PACKAGE_URL=''
PACKAGE_VERSION='0.1'
PATH_SEPARATOR=':'
POFILES=''
POSUB='po'
PO_IN_DATADIR_FALSE=''
PO_IN_DATADIR_TRUE=''
RANLIB='ranlib'
SED='/bin/sed'
SET_MAKE=''
SHELL='/bin/bash'
STRIP='strip'
USE_NLS='yes'
VERSION='0.1'
XGETTEXT='/usr/bin/xgettext'
ac_ct_CC='gcc'
ac_ct_CXX='g++'
ac_ct_DUMPBIN=''
am__EXEEXT_FALSE=''
am__EXEEXT_TRUE='#'
am__fastdepCC_FALSE='#'
am__fastdepCC_TRUE=''
am__fastdepCXX_FALSE='#'
am__fastdepCXX_TRUE=''
am__include='include'
am__isrc=' -I$(srcdir)'
am__leading_dot='.'
am__quote=''
am__tar='${AMTAR} chof - "$$tardir"'
am__untar='${AMTAR} xf -'
bindir='${exec_prefix}/bin'
build='i686-pc-linux-gnu'
build_alias=''
build_cpu='i686'
build_os='linux-gnu'
build_vendor='pc'
datadir='${datarootdir}'
datarootdir='${prefix}/share'
docdir='${datarootdir}/doc/${PACKAGE_TARNAME}'
dvidir='${docdir}'
exec_prefix='${prefix}'
host='i686-pc-linux-gnu'
host_alias=''
host_cpu='i686'
host_os='linux-gnu'
host_vendor='pc'
htmldir='${docdir}'
includedir='${prefix}/include'
infodir='${datarootdir}/info'
install_sh='${SHELL} /home/amalbala/Dropbox/InteraccionTT/install-sh'
libdir='${exec_prefix}/lib'
libexecdir='${exec_prefix}/libexec'
localedir='${datarootdir}/locale'
localstatedir='${prefix}/var'
lt_ECHO='echo'
mandir='${datarootdir}/man'
mkdir_p='/bin/mkdir -p'
oldincludedir='/usr/include'
pdfdir='${docdir}'
prefix='/usr/local'
program_transform_name='s,x,x,'
psdir='${docdir}'
sbindir='${exec_prefix}/sbin'
sharedstatedir='${prefix}/com'
sysconfdir='${prefix}/etc'
target_alias=''

## ----------- ##
## confdefs.h. ##
## ----------- ##

/* confdefs.h */
#define PACKAGE_NAME "interacciontt"
#define PACKAGE_TARNAME "interacciontt"
#define PACKAGE_VERSION "0.1"
#define PACKAGE_STRING "interacciontt 0.1"
#define PACKAGE_BUGREPORT ""
#define PACKAGE_URL ""
#define PACKAGE "interacciontt"
#define VERSION "0.1"
#define STDC_HEADERS 1
#define GETTEXT_PACKAGE "interacciontt"
#define HAVE_SYS_TYPES_H 1
#define HAVE_SYS_STAT_H 1
#define HAVE_STDLIB_H 1
#define HAVE_STRING_H 1
#define HAVE_MEMORY_H 1
#define HAVE_STRINGS_H 1
#define HAVE_INTTYPES_H 1
#define HAVE_STDINT_H 1
#define HAVE_UNISTD_H 1
#define HAVE_LOCALE_H 1
#define HAVE_LC_MESSAGES 1
#define HAVE_BIND_TEXTDOMAIN_CODESET 1
#define HAVE_GETTEXT 1
#define HAVE_DCGETTEXT 1
#define ENABLE_NLS 1
#define HAVE_DLFCN_H 1
#define LT_OBJDIR ".libs/"

configure: exit 0
